2024-11-24 10:40:51.523 INFO  (main) [c: s: r: x: t:] o.e.j.s.Server jetty-10.0.22; built: 2024-06-27T16:03:51.502Z; git: 5c8471e852d377fd726ad9b1692c35ffc5febb09; jvm 21+35-LTS-2513
2024-11-24 10:40:51.677 WARN  (main) [c: s: r: x: t:] o.e.j.u.DeprecationWarning Using @Deprecated Class org.eclipse.jetty.servlet.listener.ELContextCleaner
2024-11-24 10:40:51.689 INFO  (main) [c: s: r: x: t:] o.a.s.s.CoreContainerProvider Using logger factory org.apache.logging.slf4j.Log4jLoggerFactory
2024-11-24 10:40:51.692 INFO  (main) [c: s: r: x: t:] o.a.s.s.CoreContainerProvider  ___      _       Welcome to Apache Solr™ version 9.7.0
2024-11-24 10:40:51.692 INFO  (main) [c: s: r: x: t:] o.a.s.s.CoreContainerProvider / __| ___| |_ _   Starting in standalone mode on port 8983
2024-11-24 10:40:51.692 INFO  (main) [c: s: r: x: t:] o.a.s.s.CoreContainerProvider \__ \/ _ \ | '_|  Install dir: /Users/mustafa66/Desktop/solr-9.7.0
2024-11-24 10:40:51.692 INFO  (main) [c: s: r: x: t:] o.a.s.s.CoreContainerProvider |___/\___/_|_|    Start time: 2024-11-24T10:40:51.692455Z
2024-11-24 10:40:51.693 INFO  (main) [c: s: r: x: t:] o.a.s.s.CoreContainerProvider Solr started with "-XX:+CrashOnOutOfMemoryError" that will crash on any OutOfMemoryError exception. The cause of the OOME will be logged in the crash file at the following path: /Users/mustafa66/Desktop/solr-9.7.0/example/techproducts/solr/../logs/jvm_crash_9930.log
2024-11-24 10:40:51.736 INFO  (main) [c: s: r: x: t:] o.a.l.s.MemorySegmentIndexInputProvider Using MemorySegmentIndexInput and native madvise support with Java 21 or later; to disable start with -Dorg.apache.lucene.store.MMapDirectory.enableMemorySegments=false
2024-11-24 10:40:51.748 INFO  (main) [c: s: r: x: t:] o.a.l.i.v.PanamaVectorizationProvider Java vector incubator API enabled; uses preferredBitSize=128
2024-11-24 10:40:51.749 INFO  (main) [c: s: r: x: t:] o.a.s.s.CoreContainerProvider Solr Home: /Users/mustafa66/Desktop/solr-9.7.0/example/techproducts/solr (source: system property: solr.solr.home)
2024-11-24 10:40:51.756 INFO  (main) [c: s: r: x: t:] o.a.s.c.SolrXmlConfig Loading solr.xml from /Users/mustafa66/Desktop/solr-9.7.0/example/techproducts/solr/solr.xml
2024-11-24 10:40:51.771 INFO  (main) [c: s: r: x: t:] o.a.s.c.SolrResourceLoader Added 1 libs to classloader, from paths: [/Users/mustafa66/Desktop/solr-9.7.0/lib]
2024-11-24 10:40:52.081 INFO  (main) [c: s: r: x: t:] o.a.s.u.t.SimplePropagator Always-on trace id generation enabled.
2024-11-24 10:40:52.216 WARN  (main) [c: s: r: x: t:] o.a.s.u.StartupLoggingUtils Jetty request logging enabled. Will retain logs for last 3 days. See chapter "Configuring Logging" in reference guide for how to configure.
2024-11-24 10:40:52.217 WARN  (main) [c: s: r: x: t:] o.a.s.c.CoreContainer Not all security plugins configured!  authentication=disabled authorization=disabled.  Solr is only as secure as you make it. Consider configuring authentication/authorization before exposing Solr to users internal or external.  See https://s.apache.org/solrsecurity for more info
2024-11-24 10:40:52.286 INFO  (main) [c: s: r: x: t:] o.a.s.c.CorePropertiesLocator Found 0 core definitions underneath /Users/mustafa66/Desktop/solr-9.7.0/example/techproducts/solr
2024-11-24 10:40:52.353 WARN  (main) [c: s: r: x: t:] o.g.j.m.i.MessagingBinders A class jakarta.activation.DataSource for a default provider MessageBodyWriter<jakarta.activation.DataSource> was not found. The provider is not available.
2024-11-24 10:40:52.455 INFO  (main) [c: s: r: x: t:] o.a.s.j.SolrRequestAuthorizer Creating a new SolrRequestAuthorizer
2024-11-24 10:40:52.506 INFO  (main) [c: s: r: x: t:] o.e.j.s.h.ContextHandler Started o.e.j.w.WebAppContext@c41709a{solr-jetty-context.xml,/solr,file:///Users/mustafa66/Desktop/solr-9.7.0/server/solr-webapp/webapp/,AVAILABLE}{/Users/mustafa66/Desktop/solr-9.7.0/server/solr-webapp/webapp}
2024-11-24 10:40:52.509 INFO  (main) [c: s: r: x: t:] o.e.j.s.RequestLogWriter Opened /Users/mustafa66/Desktop/solr-9.7.0/example/techproducts/logs/2024_11_24.request.log
2024-11-24 10:40:52.510 INFO  (main) [c: s: r: x: t:] o.e.j.s.AbstractConnector Started ServerConnector@165b2f7f{HTTP/1.1, (http/1.1, h2c)}{127.0.0.1:8983}
2024-11-24 10:40:52.511 INFO  (main) [c: s: r: x: t:] o.e.j.s.Server Started Server@3f2ef586{STARTING}[10.0.22,sto=0] @1597ms
2024-11-24 10:40:53.684 INFO  (qtp1633013890-32-localhost-1) [c: s: r: x: t:localhost-1] o.a.s.s.HttpSolrCall [admin] webapp=null path=/admin/info/system params={wt=javabin&version=2} status=0 QTime=16
2024-11-24 10:40:53.709 INFO  (qtp1633013890-37-localhost-2) [c: s: r: x:techproducts t:localhost-2] o.a.s.s.HttpSolrCall [admin] webapp=null path=/admin/cores params={core=techproducts&action=STATUS&indexInfo=true&wt=javabin&version=2} status=0 QTime=0
2024-11-24 10:40:53.718 INFO  (qtp1633013890-40-localhost-3) [c: s: r: x: t:localhost-3] o.a.s.s.HttpSolrCall [admin] webapp=null path=/admin/info/system params={wt=javabin&version=2} status=0 QTime=0
2024-11-24 10:40:53.720 INFO  (qtp1633013890-32-localhost-4) [c: s: r: x: t:localhost-4] o.a.s.s.HttpSolrCall [admin] webapp=null path=/admin/info/system params={wt=javabin&version=2} status=0 QTime=0
2024-11-24 10:40:53.724 INFO  (qtp1633013890-32-localhost-5) [c: s: r: x:techproducts t:localhost-5] o.a.s.s.HttpSolrCall [admin] webapp=null path=/admin/cores params={core=techproducts&action=STATUS&indexInfo=true&wt=javabin&version=2} status=0 QTime=0
2024-11-24 10:40:53.755 INFO  (qtp1633013890-40-localhost-6) [c: s: r: x:techproducts t:localhost-6] o.a.s.h.a.CoreAdminOperation core create command name=techproducts&action=CREATE&instanceDir=techproducts&wt=javabin&version=2
2024-11-24 10:40:53.773 INFO  (qtp1633013890-40-localhost-6) [c: s: r: x:techproducts t:localhost-6] o.a.s.c.SolrResourceLoader Added 91 libs to classloader, from paths: [/Users/mustafa66/Desktop/solr-9.7.0/modules/clustering/lib, /Users/mustafa66/Desktop/solr-9.7.0/modules/extraction/lib, /Users/mustafa66/Desktop/solr-9.7.0/modules/langid/lib, /Users/mustafa66/Desktop/solr-9.7.0/modules/ltr/lib, /Users/mustafa66/Desktop/solr-9.7.0/modules/scripting/lib]
2024-11-24 10:40:53.846 INFO  (qtp1633013890-40-localhost-6) [c: s: r: x:techproducts t:localhost-6] o.a.s.c.SolrConfig Using Lucene MatchVersion: 9.11.0
2024-11-24 10:40:53.848 INFO  (qtp1633013890-40-localhost-6) [c: s: r: x:techproducts t:localhost-6] o.a.s.u.SolrIndexConfig IndexWriter infoStream solr logging is enabled
2024-11-24 10:40:53.874 INFO  (qtp1633013890-40-localhost-6) [c: s: r: x:techproducts t:localhost-6] o.a.s.s.IndexSchema Schema name=example
2024-11-24 10:40:53.971 INFO  (qtp1633013890-40-localhost-6) [c: s: r: x:techproducts t:localhost-6] o.a.s.r.RestManager Registered ManagedResource impl org.apache.solr.rest.schema.analysis.ManagedWordSetResource for path /schema/analysis/stopwords/english
2024-11-24 10:40:53.971 INFO  (qtp1633013890-40-localhost-6) [c: s: r: x:techproducts t:localhost-6] o.a.s.r.RestManager Registered ManagedResource impl org.apache.solr.rest.schema.analysis.ManagedSynonymGraphFilterFactory$SynonymManager for path /schema/analysis/synonyms/english
2024-11-24 10:40:53.971 INFO  (qtp1633013890-40-localhost-6) [c: s: r: x:techproducts t:localhost-6] o.a.s.r.RestManager Added observer of type org.apache.solr.rest.schema.analysis.ManagedStopFilterFactory to existing ManagedResource /schema/analysis/stopwords/english
2024-11-24 10:40:53.971 INFO  (qtp1633013890-40-localhost-6) [c: s: r: x:techproducts t:localhost-6] o.a.s.r.RestManager Added observer of type org.apache.solr.rest.schema.analysis.ManagedSynonymGraphFilterFactory to existing ManagedResource /schema/analysis/synonyms/english
2024-11-24 10:40:53.975 INFO  (qtp1633013890-40-localhost-6) [c: s: r: x:techproducts t:localhost-6] o.a.s.s.IndexSchema Loaded schema example/1.7 with uniqueid field id
2024-11-24 10:40:53.989 INFO  (qtp1633013890-40-localhost-6) [c: s: r: x:techproducts t:localhost-6] o.a.s.c.CoreContainer Creating SolrCore 'techproducts' using configuration from instancedir /Users/mustafa66/Desktop/solr-9.7.0/example/techproducts/solr/techproducts, trusted=true
2024-11-24 10:40:53.998 INFO  (qtp1633013890-40-localhost-6) [c: s: r: x:techproducts t:localhost-6] o.a.s.c.SolrCore Opening new SolrCore at [/Users/mustafa66/Desktop/solr-9.7.0/example/techproducts/solr/techproducts], dataDir=[/Users/mustafa66/Desktop/solr-9.7.0/example/techproducts/solr/techproducts/data/]
2024-11-24 10:40:54.201 INFO  (qtp1633013890-40-localhost-6) [c: s: r: x:techproducts t:localhost-6] o.a.s.j.SolrRequestAuthorizer Creating a new SolrRequestAuthorizer
2024-11-24 10:40:54.209 INFO  (qtp1633013890-40-localhost-6) [c: s: r: x:techproducts t:localhost-6] o.a.s.u.UpdateHandler Using UpdateLog implementation: org.apache.solr.update.UpdateLog
2024-11-24 10:40:54.209 INFO  (qtp1633013890-40-localhost-6) [c: s: r: x:techproducts t:localhost-6] o.a.s.u.UpdateLog Initializing UpdateLog: dataDir= defaultSyncLevel=FLUSH numRecordsToKeep=100 maxNumLogsToKeep=10 numVersionBuckets=65536
2024-11-24 10:40:54.210 INFO  (qtp1633013890-40-localhost-6) [c: s: r: x:techproducts t:localhost-6] o.a.s.u.CommitTracker Hard AutoCommit: if uncommitted for 15000ms; 
2024-11-24 10:40:54.210 INFO  (qtp1633013890-40-localhost-6) [c: s: r: x:techproducts t:localhost-6] o.a.s.u.CommitTracker Soft AutoCommit: if uncommitted for 3000ms; 
2024-11-24 10:40:54.230 INFO  (qtp1633013890-40-localhost-6) [c: s: r: x:techproducts t:localhost-6] o.a.s.r.ManagedResourceStorage File-based storage initialized to use dir: /Users/mustafa66/Desktop/solr-9.7.0/example/techproducts/solr/techproducts/conf
2024-11-24 10:40:54.231 INFO  (qtp1633013890-40-localhost-6) [c: s: r: x:techproducts t:localhost-6] o.a.s.r.ManagedResourceStorage Loaded LinkedHashMap at path _rest_managed.json using file:dir=/Users/mustafa66/Desktop/solr-9.7.0/example/techproducts/solr/techproducts/conf
2024-11-24 10:40:54.231 INFO  (qtp1633013890-40-localhost-6) [c: s: r: x:techproducts t:localhost-6] o.a.s.r.ManagedResource Loaded initArgs {} for /rest/managed
2024-11-24 10:40:54.231 INFO  (qtp1633013890-40-localhost-6) [c: s: r: x:techproducts t:localhost-6] o.a.s.r.ManagedResourceStorage Loaded LinkedHashMap at path _schema_analysis_stopwords_english.json using file:dir=/Users/mustafa66/Desktop/solr-9.7.0/example/techproducts/solr/techproducts/conf
2024-11-24 10:40:54.231 INFO  (qtp1633013890-40-localhost-6) [c: s: r: x:techproducts t:localhost-6] o.a.s.r.ManagedResource Loaded initArgs {ignoreCase=true} for /schema/analysis/stopwords/english
2024-11-24 10:40:54.231 INFO  (qtp1633013890-40-localhost-6) [c: s: r: x:techproducts t:localhost-6] o.a.s.r.s.a.ManagedWordSetResource Loaded 35 words for /schema/analysis/stopwords/english
2024-11-24 10:40:54.231 INFO  (qtp1633013890-40-localhost-6) [c: s: r: x:techproducts t:localhost-6] o.a.s.r.ManagedResource Notified 2 observers of /schema/analysis/stopwords/english
2024-11-24 10:40:54.231 INFO  (qtp1633013890-40-localhost-6) [c: s: r: x:techproducts t:localhost-6] o.a.s.r.ManagedResourceStorage Loaded LinkedHashMap at path _schema_analysis_synonyms_english.json using file:dir=/Users/mustafa66/Desktop/solr-9.7.0/example/techproducts/solr/techproducts/conf
2024-11-24 10:40:54.231 INFO  (qtp1633013890-40-localhost-6) [c: s: r: x:techproducts t:localhost-6] o.a.s.r.ManagedResource Loaded initArgs {ignoreCase=true, format=solr} for /schema/analysis/synonyms/english
2024-11-24 10:40:54.231 INFO  (qtp1633013890-40-localhost-6) [c: s: r: x:techproducts t:localhost-6] o.a.s.r.s.a.ManagedSynonymGraphFilterFactory Loaded 3 synonym mappings for /schema/analysis/synonyms/english
2024-11-24 10:40:54.232 INFO  (qtp1633013890-40-localhost-6) [c: s: r: x:techproducts t:localhost-6] o.a.s.r.ManagedResource Notified 2 observers of /schema/analysis/synonyms/english
2024-11-24 10:40:54.238 INFO  (qtp1633013890-40-localhost-6) [c: s: r: x:techproducts t:localhost-6] o.a.s.s.DirectSolrSpellChecker init: {maxEdits=2, minPrefix=1, maxInspections=5, minQueryLength=4, name=default, field=text, classname=solr.DirectSolrSpellChecker, distanceMeasure=internal, accuracy=0.5, maxQueryFrequency=0.01}
2024-11-24 10:40:54.240 INFO  (qtp1633013890-40-localhost-6) [c: s: r: x:techproducts t:localhost-6] o.a.s.h.c.SuggestComponent Initializing SuggestComponent
2024-11-24 10:40:54.241 INFO  (qtp1633013890-40-localhost-6) [c: s: r: x:techproducts t:localhost-6] o.a.s.s.s.SolrSuggester init: {name=mySuggester, lookupImpl=FuzzyLookupFactory, dictionaryImpl=DocumentDictionaryFactory, field=cat, weightField=price, suggestAnalyzerFieldType=string, buildOnStartup=false}
2024-11-24 10:40:54.247 INFO  (qtp1633013890-40-localhost-6) [c: s: r: x:techproducts t:localhost-6] o.a.s.s.s.SolrSuggester Dictionary loaded with params: {name=mySuggester, lookupImpl=FuzzyLookupFactory, dictionaryImpl=DocumentDictionaryFactory, field=cat, weightField=price, suggestAnalyzerFieldType=string, buildOnStartup=false}
2024-11-24 10:40:54.251 INFO  (qtp1633013890-40-localhost-6) [c: s: r: x:techproducts t:localhost-6] o.a.s.h.ReplicationHandler Commits will be reserved for 10000 ms
2024-11-24 10:40:54.253 INFO  (qtp1633013890-40-localhost-6) [c: s: r: x: t:localhost-6] o.a.s.s.HttpSolrCall [admin] webapp=null path=/admin/cores params={name=techproducts&action=CREATE&instanceDir=techproducts&wt=javabin&version=2} status=0 QTime=498
2024-11-24 10:40:54.272 INFO  (searcherExecutor-15-thread-1-processing-techproducts localhost-6) [c: s: r: x:techproducts t:localhost-6] o.a.s.c.S.Request webapp=null path=null params={q=static+firstSearcher+warming+in+solrconfig.xml&distrib=false&event=firstSearcher} hits=0 status=0 QTime=20
2024-11-24 10:40:54.273 INFO  (searcherExecutor-15-thread-1-processing-techproducts localhost-6) [c: s: r: x:techproducts t:localhost-6] o.a.s.c.QuerySenderListener QuerySenderListener done.
2024-11-24 10:40:54.273 INFO  (searcherExecutor-15-thread-1-processing-techproducts localhost-6) [c: s: r: x:techproducts t:localhost-6] o.a.s.h.c.SpellCheckComponent Loading spell index for spellchecker: default
2024-11-24 10:40:54.273 INFO  (searcherExecutor-15-thread-1-processing-techproducts localhost-6) [c: s: r: x:techproducts t:localhost-6] o.a.s.h.c.SpellCheckComponent Loading spell index for spellchecker: wordbreak
2024-11-24 10:40:54.275 INFO  (searcherExecutor-15-thread-1-processing-techproducts localhost-6) [c: s: r: x:techproducts t:localhost-6] o.a.s.c.SolrCore Registered new searcher autowarm time: 0 ms
2024-11-24 10:40:54.345 INFO  (qtp1633013890-39-localhost-7) [c: s: r: x:techproducts t:localhost-7] o.a.s.u.p.LogUpdateProcessorFactory webapp=/solr path=/update params={}{add=[TWINX2048-3200PRO (1816600095540379648), VS1GB400C3 (1816600095587565568), VDBDB1A16 (1816600095588614144)]} 0 82
2024-11-24 10:40:54.355 INFO  (qtp1633013890-36-localhost-8) [c: s: r: x:techproducts t:localhost-8] o.a.s.u.p.LogUpdateProcessorFactory webapp=/solr path=/update params={}{add=[MA147LL/A (1816600095595954176)]} 0 3
2024-11-24 10:40:54.359 INFO  (qtp1633013890-39-localhost-9) [c: s: r: x:techproducts t:localhost-9] o.a.s.u.p.LogUpdateProcessorFactory webapp=/solr path=/update params={}{add=[F8V7067-APL-KIT (1816600095603294208), IW-02 (1816600095603294209)]} 0 1
2024-11-24 10:40:54.362 INFO  (qtp1633013890-36-localhost-10) [c: s: r: x:techproducts t:localhost-10] o.a.s.u.p.LogUpdateProcessorFactory webapp=/solr path=/update params={}{add=[9885A004 (1816600095606439936)]} 0 1
2024-11-24 10:40:54.365 INFO  (qtp1633013890-39-localhost-11) [c: s: r: x:techproducts t:localhost-11] o.a.s.u.p.LogUpdateProcessorFactory webapp=/solr path=/update params={}{add=[VA902B (1816600095609585664)]} 0 0
2024-11-24 10:40:54.369 INFO  (qtp1633013890-36-localhost-12) [c: s: r: x:techproducts t:localhost-12] o.a.s.u.p.LogUpdateProcessorFactory webapp=/solr path=/update params={}{add=[EN7800GTX/2DHTV/256M (1816600095612731392), 100-435805 (1816600095613779968)]} 0 2
2024-11-24 10:40:54.372 INFO  (qtp1633013890-39-localhost-13) [c: s: r: x:techproducts t:localhost-13] o.a.s.u.p.LogUpdateProcessorFactory webapp=/solr path=/update params={}{add=[0579B002 (1816600095616925696)]} 0 1
2024-11-24 10:40:54.375 INFO  (qtp1633013890-36-localhost-14) [c: s: r: x:techproducts t:localhost-14] o.a.s.u.p.LogUpdateProcessorFactory webapp=/solr path=/update params={}{add=[3007WFP (1816600095620071424)]} 0 0
2024-11-24 10:40:54.379 INFO  (qtp1633013890-39-localhost-15) [c: s: r: x:techproducts t:localhost-15] o.a.s.u.p.LogUpdateProcessorFactory webapp=/solr path=/update params={}{add=[adata (1816600095623217152), apple (1816600095623217153), asus (1816600095623217154), ati (1816600095623217155), belkin (1816600095624265728), canon (1816600095624265729), corsair (1816600095624265730), dell (1816600095624265731), maxtor (1816600095624265732), samsung (1816600095624265733), ... (11 adds)]} 0 2
2024-11-24 10:40:54.382 INFO  (qtp1633013890-36-localhost-16) [c: s: r: x:techproducts t:localhost-16] o.a.s.u.p.LogUpdateProcessorFactory webapp=/solr path=/update params={}{add=[SP2514N (1816600095627411456), 6H500F0 (1816600095628460032)]} 0 1
2024-11-24 10:40:54.386 INFO  (qtp1633013890-39-localhost-17) [c: s: r: x:techproducts t:localhost-17] o.a.s.u.p.LogUpdateProcessorFactory webapp=/solr path=/update params={}{add=[USD (1816600095630557184), EUR (1816600095631605760), GBP (1816600095631605761), NOK (1816600095631605762)]} 0 1
2024-11-24 10:40:54.390 INFO  (qtp1633013890-36-localhost-18) [c: s: r: x:techproducts t:localhost-18] o.a.s.u.p.LogUpdateProcessorFactory webapp=/solr path=/update params={}{add=[UTF8TEST (1816600095634751488)]} 0 2
2024-11-24 10:40:54.394 INFO  (qtp1633013890-39-localhost-19) [c: s: r: x:techproducts t:localhost-19] o.a.s.u.p.LogUpdateProcessorFactory webapp=/solr path=/update params={}{add=[GB18030TEST (1816600095641042944)]} 0 2
2024-11-24 10:40:54.398 INFO  (qtp1633013890-36-localhost-20) [c: s: r: x:techproducts t:localhost-20] o.a.s.u.p.LogUpdateProcessorFactory webapp=/solr path=/update params={}{add=[SOLR1000 (1816600095644188672)]} 0 1
2024-11-24 10:40:54.478 INFO  (searcherExecutor-15-thread-1-processing-techproducts localhost-21) [c: s: r: x:techproducts t:localhost-21] o.a.s.c.QuerySenderListener QuerySenderListener done.
2024-11-24 10:40:54.483 INFO  (searcherExecutor-15-thread-1-processing-techproducts localhost-21) [c: s: r: x:techproducts t:localhost-21] o.a.s.c.SolrCore Registered new searcher autowarm time: 1 ms
2024-11-24 10:40:54.485 INFO  (qtp1633013890-36-localhost-21) [c: s: r: x:techproducts t:localhost-21] o.a.s.u.p.LogUpdateProcessorFactory webapp=/solr path=/update params={waitSearcher=true&commit=true&softCommit=false&wt=javabin&version=2}{commit=} 0 82
2024-11-24 10:41:22.971 INFO  (qtp1633013890-36-localhost-23) [c: s: r: x: t:localhost-23] o.a.s.s.HttpSolrCall [admin] webapp=null path=/admin/cores params={indexInfo=false&wt=json&_=1732444882934} status=0 QTime=0
2024-11-24 10:41:22.973 INFO  (qtp1633013890-61-localhost-24) [c: s: r: x: t:localhost-24] o.a.s.s.HttpSolrCall [admin] webapp=null path=/admin/info/system params={wt=json&_=1732444882934} status=0 QTime=2
2024-11-24 10:41:41.380 INFO  (qtp1633013890-31-localhost-25) [c: s: r: x: t:localhost-25] o.a.s.s.HttpSolrCall [admin] webapp=null path=/admin/cores params={indexInfo=false&wt=json&_=1732444882934} status=0 QTime=0
2024-11-24 10:41:41.382 INFO  (qtp1633013890-62-localhost-26) [c: s: r: x: t:localhost-26] o.a.s.s.HttpSolrCall [admin] webapp=null path=/admin/info/system params={wt=json&_=1732444882934} status=0 QTime=1
2024-11-24 10:41:41.384 INFO  (qtp1633013890-32-localhost-27) [c: s: r: x: t:localhost-27] o.a.s.s.HttpSolrCall [admin] webapp=null path=/admin/cores params={wt=json&_=1732444882934} status=0 QTime=3
2024-11-24 10:41:41.402 INFO  (qtp1633013890-34-localhost-29) [c: s: r: x: t:localhost-29] o.a.s.s.HttpSolrCall [admin] webapp=null path=/admin/cores params={indexInfo=false&wt=json&_=1732444882934} status=0 QTime=0
2024-11-24 10:41:41.403 INFO  (qtp1633013890-31-localhost-28) [c: s: r: x: t:localhost-28] o.a.s.s.HttpSolrCall [admin] webapp=null path=/admin/info/system params={wt=json&_=1732444882934} status=0 QTime=1
2024-11-24 10:41:41.404 INFO  (qtp1633013890-32-localhost-30) [c: s: r: x: t:localhost-30] o.a.s.s.HttpSolrCall [admin] webapp=null path=/admin/cores params={wt=json&_=1732444882934} status=0 QTime=1
2024-11-24 10:41:42.703 INFO  (qtp1633013890-31-localhost-32) [c: s: r: x: t:localhost-32] o.a.s.s.HttpSolrCall [admin] webapp=null path=/admin/cores params={indexInfo=false&wt=json&_=1732444882934} status=0 QTime=0
2024-11-24 10:41:42.708 INFO  (qtp1633013890-34-localhost-33) [c: s: r: x: t:localhost-33] o.a.s.s.HttpSolrCall [admin] webapp=null path=/admin/info/properties params={wt=json&_=1732444902698} status=0 QTime=4
2024-11-24 10:41:42.709 INFO  (qtp1633013890-61-localhost-31) [c: s: r: x: t:localhost-31] o.a.s.s.HttpSolrCall [admin] webapp=null path=/admin/info/system params={wt=json&_=1732444882934} status=0 QTime=7
2024-11-24 10:41:43.504 INFO  (qtp1633013890-32-localhost-34) [c: s: r: x: t:localhost-34] o.a.s.s.HttpSolrCall [admin] webapp=null path=/admin/cores params={indexInfo=false&wt=json&_=1732444882934} status=0 QTime=0
2024-11-24 10:41:43.506 INFO  (qtp1633013890-36-localhost-35) [c: s: r: x: t:localhost-35] o.a.s.s.HttpSolrCall [admin] webapp=null path=/admin/info/system params={wt=json&_=1732444882934} status=0 QTime=1
2024-11-24 10:41:43.554 INFO  (qtp1633013890-61-localhost-36) [c: s: r: x: t:localhost-36] o.a.s.s.HttpSolrCall [admin] webapp=null path=/admin/info/threads params={wt=json&_=1732444903500} status=0 QTime=48
2024-11-24 10:41:45.114 INFO  (qtp1633013890-32-localhost-38) [c: s: r: x: t:localhost-38] o.a.s.s.HttpSolrCall [admin] webapp=null path=/admin/cores params={indexInfo=false&wt=json&_=1732444882934} status=0 QTime=0
2024-11-24 10:41:45.118 INFO  (qtp1633013890-40-localhost-37) [c: s: r: x: t:localhost-37] o.a.s.s.HttpSolrCall [admin] webapp=null path=/admin/info/system params={wt=json&_=1732444882934} status=0 QTime=5
2024-11-24 10:42:30.865 INFO  (qtp1633013890-61-localhost-39) [c: s: r: x: t:localhost-39] o.a.s.s.HttpSolrCall [admin] webapp=null path=/admin/cores params={indexInfo=false&wt=json&_=1732444882934} status=0 QTime=0
2024-11-24 10:42:30.872 INFO  (qtp1633013890-61-localhost-43) [c: s: r: x:techproducts t:localhost-43] o.a.s.c.S.Request webapp=/solr path=/admin/ping params={action=status&wt=json&_=1732444882934&ts=1732444882934} status=503 QTime=2
2024-11-24 10:42:30.872 INFO  (qtp1633013890-40-localhost-40) [c: s: r: x: t:localhost-40] o.a.s.s.HttpSolrCall [admin] webapp=null path=/admin/info/system params={wt=json&_=1732444882934} status=0 QTime=5
2024-11-24 10:42:30.873 INFO  (qtp1633013890-36-localhost-44) [c: s: r: x:techproducts t:localhost-44] o.a.s.c.S.Request webapp=/solr path=/admin/system params={wt=json&_=1732444950860} status=0 QTime=2
2024-11-24 10:42:30.873 INFO  (qtp1633013890-31-localhost-41) [c: s: r: x:techproducts t:localhost-41] o.a.s.c.S.Request webapp=/solr path=/admin/luke params={numTerms=0&show=index&wt=json&_=1732444950860} status=0 QTime=6
2024-11-24 10:42:30.875 INFO  (qtp1633013890-32-localhost-42) [c: s: r: x:techproducts t:localhost-42] o.a.s.c.S.Request webapp=/solr path=/replication params={wt=json&command=details&_=1732444950860} status=0 QTime=7
2024-11-24 10:42:49.858 INFO  (qtp1633013890-38-localhost-45) [c: s: r: x: t:localhost-45] o.a.s.s.HttpSolrCall [admin] webapp=null path=/admin/cores params={indexInfo=false&wt=json&_=1732444882934} status=0 QTime=0
2024-11-24 10:42:49.860 INFO  (qtp1633013890-34-localhost-46) [c: s: r: x: t:localhost-46] o.a.s.s.HttpSolrCall [admin] webapp=null path=/admin/info/system params={wt=json&_=1732444882934} status=0 QTime=2
2024-11-24 10:42:49.865 INFO  (qtp1633013890-62-localhost-47) [c: s: r: x:techproducts t:localhost-47] o.a.s.c.S.Request webapp=/solr path=/admin/luke params={show=schema&wt=json&_=1732444950860} status=0 QTime=7
2024-11-24 10:42:51.245 INFO  (qtp1633013890-38-localhost-48) [c: s: r: x: t:localhost-48] o.a.s.s.HttpSolrCall [admin] webapp=null path=/admin/cores params={indexInfo=false&wt=json&_=1732444882934} status=0 QTime=0
2024-11-24 10:42:51.246 INFO  (qtp1633013890-61-localhost-49) [c: s: r: x: t:localhost-49] o.a.s.s.HttpSolrCall [admin] webapp=null path=/admin/info/system params={wt=json&_=1732444882934} status=0 QTime=1
2024-11-24 10:42:51.247 INFO  (qtp1633013890-32-localhost-50) [c: s: r: x:techproducts t:localhost-50] o.a.s.c.S.Request webapp=/solr path=/admin/luke params={show=schema&wt=json&_=1732444950860} status=0 QTime=1
2024-11-24 10:42:53.443 INFO  (qtp1633013890-61-localhost-51) [c: s: r: x: t:localhost-51] o.a.s.s.HttpSolrCall [admin] webapp=null path=/admin/cores params={indexInfo=false&wt=json&_=1732444882934} status=0 QTime=0
2024-11-24 10:42:53.444 INFO  (qtp1633013890-34-localhost-52) [c: s: r: x: t:localhost-52] o.a.s.s.HttpSolrCall [admin] webapp=null path=/admin/info/system params={wt=json&_=1732444882934} status=0 QTime=1
2024-11-24 10:42:53.448 INFO  (qtp1633013890-32-localhost-53) [c: s: r: x:techproducts t:localhost-53] o.a.s.c.S.Request webapp=/solr path=/config/params params={wt=json&_=1732444973434} status=0 QTime=5
2024-11-24 10:42:54.774 INFO  (qtp1633013890-38-localhost-54) [c: s: r: x: t:localhost-54] o.a.s.s.HttpSolrCall [admin] webapp=null path=/admin/cores params={indexInfo=false&wt=json&_=1732444882934} status=0 QTime=0
2024-11-24 10:42:54.775 INFO  (qtp1633013890-31-localhost-55) [c: s: r: x: t:localhost-55] o.a.s.s.HttpSolrCall [admin] webapp=null path=/admin/info/system params={wt=json&_=1732444882934} status=0 QTime=1
2024-11-24 10:42:54.776 INFO  (qtp1633013890-32-localhost-56) [c: s: r: x:techproducts t:localhost-56] o.a.s.c.S.Request webapp=/solr path=/admin/file params={wt=json&_=1732444974767} status=0 QTime=2
2024-11-24 10:42:54.781 INFO  (qtp1633013890-32-localhost-58) [c: s: r: x:techproducts t:localhost-58] o.a.s.c.S.Request webapp=/solr path=/admin/file params={file=xslt&wt=json&_=1732444974767} status=0 QTime=1
2024-11-24 10:42:54.785 INFO  (qtp1633013890-39-localhost-57) [c: s: r: x:techproducts t:localhost-57] o.a.s.c.S.Request webapp=/solr path=/admin/file params={file=lang&wt=json&_=1732444974767} status=0 QTime=4
2024-11-24 10:42:56.112 INFO  (qtp1633013890-61-localhost-59) [c: s: r: x:techproducts t:localhost-59] o.a.s.c.S.Request webapp=/solr path=/admin/ping params={wt=json&_=1732444882934&ts=1732444882934} hits=32 status=0 QTime=8
2024-11-24 10:42:56.112 INFO  (qtp1633013890-61-localhost-59) [c: s: r: x:techproducts t:localhost-59] o.a.s.c.S.Request webapp=/solr path=/admin/ping params={wt=json&_=1732444882934&ts=1732444882934} status=0 QTime=9
2024-11-24 10:42:57.341 INFO  (qtp1633013890-38-localhost-60) [c: s: r: x:techproducts t:localhost-60] o.a.s.c.S.Request webapp=/solr path=/admin/ping params={wt=json&_=1732444882934&ts=1732444882934} hits=32 status=0 QTime=7
2024-11-24 10:42:57.341 INFO  (qtp1633013890-38-localhost-60) [c: s: r: x:techproducts t:localhost-60] o.a.s.c.S.Request webapp=/solr path=/admin/ping params={wt=json&_=1732444882934&ts=1732444882934} status=0 QTime=8
2024-11-24 10:42:58.219 INFO  (qtp1633013890-31-localhost-61) [c: s: r: x:techproducts t:localhost-61] o.a.s.c.S.Request webapp=/solr path=/admin/ping params={wt=json&_=1732444882934&ts=1732444882934} hits=32 status=0 QTime=1
2024-11-24 10:42:58.220 INFO  (qtp1633013890-31-localhost-61) [c: s: r: x:techproducts t:localhost-61] o.a.s.c.S.Request webapp=/solr path=/admin/ping params={wt=json&_=1732444882934&ts=1732444882934} status=0 QTime=1
2024-11-24 10:42:59.391 INFO  (qtp1633013890-39-localhost-63) [c: s: r: x: t:localhost-63] o.a.s.s.HttpSolrCall [admin] webapp=null path=/admin/info/system params={wt=json&_=1732444882934} status=0 QTime=2
2024-11-24 10:42:59.393 INFO  (qtp1633013890-38-localhost-62) [c: s: r: x: t:localhost-62] o.a.s.s.HttpSolrCall [admin] webapp=null path=/admin/cores params={indexInfo=false&wt=json&_=1732444882934} status=0 QTime=2
2024-11-24 10:42:59.409 INFO  (qtp1633013890-62-localhost-64) [c: s: r: x:techproducts t:localhost-64] o.a.s.c.S.Request webapp=/solr path=/admin/mbeans params={stats=true&wt=json&_=1732444979382} status=0 QTime=19
2024-11-24 10:43:01.226 INFO  (qtp1633013890-32-localhost-65) [c: s: r: x: t:localhost-65] o.a.s.s.HttpSolrCall [admin] webapp=null path=/admin/cores params={indexInfo=false&wt=json&_=1732444882934} status=0 QTime=0
2024-11-24 10:43:01.228 INFO  (qtp1633013890-62-localhost-66) [c: s: r: x: t:localhost-66] o.a.s.s.HttpSolrCall [admin] webapp=null path=/admin/info/system params={wt=json&_=1732444882934} status=0 QTime=2
2024-11-24 10:43:01.228 INFO  (qtp1633013890-39-localhost-67) [c: s: r: x:techproducts t:localhost-67] o.a.s.c.S.Request webapp=/solr path=/replication params={wt=json&command=details&_=1732444950860} status=0 QTime=2
2024-11-24 10:43:04.296 INFO  (qtp1633013890-31-localhost-68) [c: s: r: x: t:localhost-68] o.a.s.s.HttpSolrCall [admin] webapp=null path=/admin/cores params={indexInfo=false&wt=json&_=1732444882934} status=0 QTime=0
2024-11-24 10:43:04.297 INFO  (qtp1633013890-36-localhost-69) [c: s: r: x: t:localhost-69] o.a.s.s.HttpSolrCall [admin] webapp=null path=/admin/info/system params={wt=json&_=1732444882934} status=0 QTime=1
2024-11-24 10:43:04.298 INFO  (qtp1633013890-39-localhost-70) [c: s: r: x:techproducts t:localhost-70] o.a.s.c.S.Request webapp=/solr path=/admin/luke params={show=schema&wt=json&_=1732444950860} status=0 QTime=2
2024-11-24 10:43:04.299 INFO  (qtp1633013890-32-localhost-71) [c: s: r: x:techproducts t:localhost-71] o.a.s.c.S.Request webapp=/solr path=/config params={wt=json&_=1732444984289} status=0 QTime=2
2024-11-24 10:43:04.327 INFO  (qtp1633013890-31-localhost-72) [c: s: r: x:techproducts t:localhost-72] o.a.s.c.S.Request webapp=/solr path=/admin/luke params={numTerms=0&wt=json&_=1732444950860} status=0 QTime=14
2024-11-24 10:43:05.740 INFO  (qtp1633013890-36-localhost-74) [c: s: r: x: t:localhost-74] o.a.s.s.HttpSolrCall [admin] webapp=null path=/admin/cores params={indexInfo=false&wt=json&_=1732444882934} status=0 QTime=0
2024-11-24 10:43:05.742 INFO  (qtp1633013890-62-localhost-73) [c: s: r: x: t:localhost-73] o.a.s.s.HttpSolrCall [admin] webapp=null path=/admin/info/system params={wt=json&_=1732444882934} status=0 QTime=2
2024-11-24 10:43:05.748 INFO  (qtp1633013890-40-localhost-75) [c: s: r: x:techproducts t:localhost-75] o.a.s.c.S.Request webapp=/solr path=/admin/segments params={wt=json&_=1732444985736} status=0 QTime=7
2024-11-24 10:43:07.251 INFO  (qtp1633013890-39-localhost-76) [c: s: r: x: t:localhost-76] o.a.s.s.HttpSolrCall [admin] webapp=null path=/admin/cores params={indexInfo=false&wt=json&_=1732444882934} status=0 QTime=1
2024-11-24 10:43:07.255 INFO  (qtp1633013890-40-localhost-77) [c: s: r: x: t:localhost-77] o.a.s.s.HttpSolrCall [admin] webapp=null path=/admin/info/system params={wt=json&_=1732444882934} status=0 QTime=5
2024-11-24 10:43:07.256 INFO  (qtp1633013890-31-localhost-79) [c: s: r: x:techproducts t:localhost-79] o.a.s.c.S.Request webapp=/solr path=/admin/luke params={numTerms=0&show=index&wt=json&_=1732444950860} status=0 QTime=0
2024-11-24 10:43:07.257 INFO  (qtp1633013890-36-localhost-78) [c: s: r: x:techproducts t:localhost-78] o.a.s.c.S.Request webapp=/solr path=/replication params={wt=json&command=details&_=1732444950860} status=0 QTime=2
2024-11-24 10:43:07.259 INFO  (qtp1633013890-38-localhost-80) [c: s: r: x:techproducts t:localhost-80] o.a.s.c.S.Request webapp=/solr path=/admin/ping params={action=status&wt=json&_=1732444882934&ts=1732444882934} status=503 QTime=0
2024-11-24 10:43:07.261 INFO  (qtp1633013890-36-localhost-81) [c: s: r: x:techproducts t:localhost-81] o.a.s.c.S.Request webapp=/solr path=/admin/system params={wt=json&_=1732444950860} status=0 QTime=2
2024-11-24 10:43:37.540 INFO  (qtp1633013890-37-localhost-82) [c: s: r: x: t:localhost-82] o.a.s.s.HttpSolrCall [admin] webapp=null path=/admin/cores params={indexInfo=false&wt=json&_=1732444882934} status=0 QTime=0
2024-11-24 10:43:37.541 INFO  (qtp1633013890-62-localhost-84) [c: s: r: x:techproducts t:localhost-84] o.a.s.c.S.Request webapp=/solr path=/config/params params={wt=json&_=1732444973434} status=0 QTime=0
2024-11-24 10:43:37.545 INFO  (qtp1633013890-39-localhost-83) [c: s: r: x: t:localhost-83] o.a.s.s.HttpSolrCall [admin] webapp=null path=/admin/info/system params={wt=json&_=1732444882934} status=0 QTime=3
2024-11-24 10:43:42.974 INFO  (qtp1633013890-31-localhost-85) [c: s: r: x: t:localhost-85] o.a.s.s.HttpSolrCall [admin] webapp=null path=/admin/cores params={indexInfo=false&wt=json&_=1732444882934} status=0 QTime=0
2024-11-24 10:43:42.979 INFO  (qtp1633013890-40-localhost-86) [c: s: r: x: t:localhost-86] o.a.s.s.HttpSolrCall [admin] webapp=null path=/admin/info/system params={wt=json&_=1732444882934} status=0 QTime=6
2024-11-24 10:43:42.979 INFO  (qtp1633013890-37-localhost-87) [c: s: r: x:techproducts t:localhost-87] o.a.s.c.S.Request webapp=/solr path=/admin/luke params={numTerms=0&show=index&wt=json&_=1732444950860} status=0 QTime=5
2024-11-24 10:43:42.981 INFO  (qtp1633013890-36-localhost-88) [c: s: r: x:techproducts t:localhost-88] o.a.s.c.S.Request webapp=/solr path=/admin/system params={wt=json&_=1732444950860} status=0 QTime=1
2024-11-24 10:43:42.983 INFO  (qtp1633013890-62-localhost-89) [c: s: r: x:techproducts t:localhost-89] o.a.s.c.S.Request webapp=/solr path=/admin/ping params={action=status&wt=json&_=1732444882934&ts=1732444882934} status=503 QTime=0
2024-11-24 10:43:42.985 INFO  (qtp1633013890-38-localhost-90) [c: s: r: x:techproducts t:localhost-90] o.a.s.c.S.Request webapp=/solr path=/replication params={wt=json&command=details&_=1732444950860} status=0 QTime=1
2024-11-24 10:43:50.229 INFO  (qtp1633013890-37-localhost-91) [c: s: r: x: t:localhost-91] o.a.s.s.HttpSolrCall [admin] webapp=null path=/admin/cores params={indexInfo=false&wt=json&_=1732444882934} status=0 QTime=0
2024-11-24 10:43:50.229 INFO  (qtp1633013890-40-localhost-93) [c: s: r: x:techproducts t:localhost-93] o.a.s.c.S.Request webapp=/solr path=/config/params params={wt=json&_=1732444973434} status=0 QTime=0
2024-11-24 10:43:50.232 INFO  (qtp1633013890-39-localhost-92) [c: s: r: x: t:localhost-92] o.a.s.s.HttpSolrCall [admin] webapp=null path=/admin/info/system params={wt=json&_=1732444882934} status=0 QTime=3
2024-11-24 10:44:34.238 INFO  (qtp1633013890-31-localhost-94) [c: s: r: x:techproducts t:localhost-94] o.a.s.c.S.Request webapp=/solr path=/config/params params={wt=json&_=1732444973434} status=0 QTime=0
2024-11-24 10:44:34.238 INFO  (qtp1633013890-38-localhost-97) [c: s: r: x: t:localhost-97] o.a.s.s.HttpSolrCall [admin] webapp=null path=/admin/cores params={indexInfo=false&wt=json&_=1732444882934} status=0 QTime=0
2024-11-24 10:44:34.240 INFO  (qtp1633013890-40-localhost-96) [c: s: r: x:techproducts t:localhost-96] o.a.s.c.S.Request webapp=/solr path=/select params={q=*:*&qt=*:*&indent=true&q.op=OR&useParams=&_=1732445017511} hits=32 status=0 QTime=2
2024-11-24 10:44:34.241 INFO  (qtp1633013890-32-localhost-95) [c: s: r: x: t:localhost-95] o.a.s.s.HttpSolrCall [admin] webapp=null path=/admin/info/system params={wt=json&_=1732444882934} status=0 QTime=3
2024-11-24 10:48:45.060 INFO  (ShutdownMonitor) [c: s: r: x: t:] o.e.j.s.Server Stopped Server@3f2ef586{STOPPING}[10.0.22,sto=0]
2024-11-24 10:48:45.062 INFO  (ShutdownMonitor) [c: s: r: x: t:] o.e.j.s.AbstractConnector Stopped ServerConnector@165b2f7f{HTTP/1.1, (http/1.1, h2c)}{127.0.0.1:8983}
2024-11-24 10:48:45.068 INFO  (ShutdownMonitor) [c: s: r: x: t:] o.a.s.c.CoreContainer Shutting down CoreContainer instance=873105556
2024-11-24 10:48:45.069 INFO  (coreCloseExecutor-21-thread-1) [c: s: r: x:techproducts t:] o.a.s.c.SolrCore CLOSING SolrCore org.apache.solr.core.SolrCore@506e8fec techproducts
2024-11-24 10:48:45.069 INFO  (coreCloseExecutor-21-thread-1) [c: s: r: x:techproducts t:] o.a.s.m.SolrMetricManager Closing metric reporters for registry=solr.core.techproducts tag=SolrCore@506e8fec
2024-11-24 10:48:45.080 INFO  (coreCloseExecutor-21-thread-1) [c: s: r: x:techproducts t:] o.a.s.u.DirectUpdateHandler2 Committing on IndexWriter.close()  ... SKIPPED (unnecessary).
2024-11-24 10:48:45.086 INFO  (ShutdownMonitor) [c: s: r: x: t:] o.a.s.m.SolrMetricManager Closing metric reporters for registry=solr.node tag=null
2024-11-24 10:48:45.090 INFO  (ShutdownMonitor) [c: s: r: x: t:] o.a.s.m.SolrMetricManager Closing metric reporters for registry=solr.jvm tag=null
2024-11-24 10:48:45.093 INFO  (ShutdownMonitor) [c: s: r: x: t:] o.a.s.m.SolrMetricManager Closing metric reporters for registry=solr.jetty tag=null
2024-11-24 10:48:45.096 INFO  (ShutdownMonitor) [c: s: r: x: t:] o.e.j.s.h.ContextHandler Stopped o.e.j.w.WebAppContext@c41709a{solr-jetty-context.xml,/solr,file:///Users/mustafa66/Desktop/solr-9.7.0/server/solr-webapp/webapp/,STOPPED}{/Users/mustafa66/Desktop/solr-9.7.0/server/solr-webapp/webapp}
