2024-12-18 10:08:30.685 INFO  (main) [c: s: r: x: t:] o.e.j.s.Server jetty-10.0.22; built: 2024-06-27T16:03:51.502Z; git: 5c8471e852d377fd726ad9b1692c35ffc5febb09; jvm 21+35-LTS-2513
2024-12-18 10:08:30.923 WARN  (main) [c: s: r: x: t:] o.e.j.u.DeprecationWarning Using @Deprecated Class org.eclipse.jetty.servlet.listener.ELContextCleaner
2024-12-18 10:08:30.939 INFO  (main) [c: s: r: x: t:] o.a.s.s.CoreContainerProvider Using logger factory org.apache.logging.slf4j.Log4jLoggerFactory
2024-12-18 10:08:30.943 INFO  (main) [c: s: r: x: t:] o.a.s.s.CoreContainerProvider  ___      _       Welcome to Apache Solr™ version 9.7.0
2024-12-18 10:08:30.943 INFO  (main) [c: s: r: x: t:] o.a.s.s.CoreContainerProvider / __| ___| |_ _   Starting in standalone mode on port 8983
2024-12-18 10:08:30.943 INFO  (main) [c: s: r: x: t:] o.a.s.s.CoreContainerProvider \__ \/ _ \ | '_|  Install dir: /Users/mustafa66/Desktop/IR---Project/solr-9.7.0
2024-12-18 10:08:30.943 INFO  (main) [c: s: r: x: t:] o.a.s.s.CoreContainerProvider |___/\___/_|_|    Start time: 2024-12-18T10:08:30.943174Z
2024-12-18 10:08:30.944 INFO  (main) [c: s: r: x: t:] o.a.s.s.CoreContainerProvider Solr started with "-XX:+CrashOnOutOfMemoryError" that will crash on any OutOfMemoryError exception. The cause of the OOME will be logged in the crash file at the following path: /Users/mustafa66/Desktop/IR---Project/solr-9.7.0/server/logs/jvm_crash_92344.log
2024-12-18 10:08:31.000 INFO  (main) [c: s: r: x: t:] o.a.l.s.MemorySegmentIndexInputProvider Using MemorySegmentIndexInput and native madvise support with Java 21 or later; to disable start with -Dorg.apache.lucene.store.MMapDirectory.enableMemorySegments=false
2024-12-18 10:08:31.018 INFO  (main) [c: s: r: x: t:] o.a.l.i.v.PanamaVectorizationProvider Java vector incubator API enabled; uses preferredBitSize=128
2024-12-18 10:08:31.020 INFO  (main) [c: s: r: x: t:] o.a.s.s.CoreContainerProvider Solr Home: /Users/mustafa66/Desktop/IR---Project/solr-9.7.0/server/solr (source: system property: solr.solr.home)
2024-12-18 10:08:31.030 INFO  (main) [c: s: r: x: t:] o.a.s.c.SolrXmlConfig Loading solr.xml from /Users/mustafa66/Desktop/IR---Project/solr-9.7.0/server/solr/solr.xml
2024-12-18 10:08:31.048 INFO  (main) [c: s: r: x: t:] o.a.s.c.SolrResourceLoader Added 1 libs to classloader, from paths: [/Users/mustafa66/Desktop/IR---Project/solr-9.7.0/lib]
2024-12-18 10:08:31.523 INFO  (main) [c: s: r: x: t:] o.a.s.u.t.SimplePropagator Always-on trace id generation enabled.
2024-12-18 10:08:31.695 WARN  (main) [c: s: r: x: t:] o.a.s.u.StartupLoggingUtils Jetty request logging enabled. Will retain logs for last 3 days. See chapter "Configuring Logging" in reference guide for how to configure.
2024-12-18 10:08:31.696 WARN  (main) [c: s: r: x: t:] o.a.s.c.CoreContainer Not all security plugins configured!  authentication=disabled authorization=disabled.  Solr is only as secure as you make it. Consider configuring authentication/authorization before exposing Solr to users internal or external.  See https://s.apache.org/solrsecurity for more info
2024-12-18 10:08:31.782 INFO  (main) [c: s: r: x: t:] o.a.s.c.CorePropertiesLocator Found 2 core definitions underneath /Users/mustafa66/Desktop/IR---Project/solr-9.7.0/server/solr
2024-12-18 10:08:31.782 INFO  (main) [c: s: r: x: t:] o.a.s.c.CorePropertiesLocator Cores are: [stocks, techproducts_shard1_replica_n1]
2024-12-18 10:08:31.787 ERROR (coreLoadExecutor-13-thread-2) [c: s: r: x:techproducts_shard1_replica_n1 t:] o.a.s.c.CoreContainer SolrCore failed to load on startup => org.apache.solr.common.SolrException: Unable to create core [techproducts_shard1_replica_n1]
	at org.apache.solr.core.CoreContainer.createFromDescriptor(CoreContainer.java:1787)
org.apache.solr.common.SolrException: Unable to create core [techproducts_shard1_replica_n1]
	at org.apache.solr.core.CoreContainer.createFromDescriptor(CoreContainer.java:1787) ~[?:?]
	at org.apache.solr.core.CoreContainer.lambda$loadInternal$13(CoreContainer.java:1083) ~[?:?]
	at com.codahale.metrics.InstrumentedExecutorService$InstrumentedRunnable.run(InstrumentedExecutorService.java:212) ~[metrics-core-4.2.26.jar:4.2.26]
	at java.base/java.util.concurrent.Executors$RunnableAdapter.call(Executors.java:572) ~[?:?]
	at java.base/java.util.concurrent.FutureTask.run(FutureTask.java:317) ~[?:?]
	at org.apache.solr.common.util.ExecutorUtil$MDCAwareThreadPoolExecutor.lambda$execute$1(ExecutorUtil.java:449) ~[?:?]
	at java.base/java.util.concurrent.ThreadPoolExecutor.runWorker(ThreadPoolExecutor.java:1144) ~[?:?]
	at java.base/java.util.concurrent.ThreadPoolExecutor$Worker.run(ThreadPoolExecutor.java:642) ~[?:?]
	at java.base/java.lang.Thread.run(Thread.java:1583) [?:?]
Caused by: org.apache.solr.common.SolrException: Could not load conf for core techproducts_shard1_replica_n1: Error loading solr config from /Users/mustafa66/Desktop/IR---Project/solr-9.7.0/server/solr/techproducts_shard1_replica_n1/conf/solrconfig.xml
	at org.apache.solr.core.ConfigSetService.loadConfigSet(ConfigSetService.java:291) ~[?:?]
	at org.apache.solr.core.CoreContainer.createFromDescriptor(CoreContainer.java:1744) ~[?:?]
	... 8 more
Caused by: org.apache.solr.common.SolrException: Error loading solr config from /Users/mustafa66/Desktop/IR---Project/solr-9.7.0/server/solr/techproducts_shard1_replica_n1/conf/solrconfig.xml
	at org.apache.solr.core.SolrConfig.readFromResourceLoader(SolrConfig.java:163) ~[?:?]
	at org.apache.solr.core.ConfigSetService.createSolrConfig(ConfigSetService.java:322) ~[?:?]
	at org.apache.solr.core.ConfigSetService.loadConfigSet(ConfigSetService.java:275) ~[?:?]
	at org.apache.solr.core.CoreContainer.createFromDescriptor(CoreContainer.java:1744) ~[?:?]
	... 8 more
Caused by: org.apache.solr.common.SolrException: org.apache.solr.core.SolrResourceNotFoundException: Can't find resource 'solrconfig.xml' in classpath or '/Users/mustafa66/Desktop/IR---Project/solr-9.7.0/server/solr/techproducts_shard1_replica_n1'
	at org.apache.solr.core.SolrConfig.readXml(SolrConfig.java:413) ~[?:?]
	at org.apache.solr.core.SolrConfig.lambda$new$1(SolrConfig.java:225) ~[?:?]
	at org.apache.solr.schema.IndexSchemaFactory.getFromCache(IndexSchemaFactory.java:191) ~[?:?]
	at org.apache.solr.core.SolrConfig.<init>(SolrConfig.java:218) ~[?:?]
	at org.apache.solr.core.SolrConfig.readFromResourceLoader(SolrConfig.java:155) ~[?:?]
	at org.apache.solr.core.ConfigSetService.createSolrConfig(ConfigSetService.java:322) ~[?:?]
	at org.apache.solr.core.ConfigSetService.loadConfigSet(ConfigSetService.java:275) ~[?:?]
	at org.apache.solr.core.CoreContainer.createFromDescriptor(CoreContainer.java:1744) ~[?:?]
	... 8 more
Caused by: org.apache.solr.core.SolrResourceNotFoundException: Can't find resource 'solrconfig.xml' in classpath or '/Users/mustafa66/Desktop/IR---Project/solr-9.7.0/server/solr/techproducts_shard1_replica_n1'
	at org.apache.solr.core.SolrResourceLoader.openResource(SolrResourceLoader.java:383) ~[?:?]
	at org.apache.solr.core.SolrConfig.readXml(SolrConfig.java:406) ~[?:?]
	at org.apache.solr.core.SolrConfig.lambda$new$1(SolrConfig.java:225) ~[?:?]
	at org.apache.solr.schema.IndexSchemaFactory.getFromCache(IndexSchemaFactory.java:191) ~[?:?]
	at org.apache.solr.core.SolrConfig.<init>(SolrConfig.java:218) ~[?:?]
	at org.apache.solr.core.SolrConfig.readFromResourceLoader(SolrConfig.java:155) ~[?:?]
	at org.apache.solr.core.ConfigSetService.createSolrConfig(ConfigSetService.java:322) ~[?:?]
	at org.apache.solr.core.ConfigSetService.loadConfigSet(ConfigSetService.java:275) ~[?:?]
	at org.apache.solr.core.CoreContainer.createFromDescriptor(CoreContainer.java:1744) ~[?:?]
	... 8 more
2024-12-18 10:08:31.795 INFO  (coreLoadExecutor-13-thread-1) [c: s: r: x:stocks t:] o.a.s.c.SolrConfig Using Lucene MatchVersion: 9.11.0
2024-12-18 10:08:31.828 INFO  (coreLoadExecutor-13-thread-1) [c: s: r: x:stocks t:] o.a.s.s.IndexSchema Schema name=default-config
2024-12-18 10:08:31.869 WARN  (main) [c: s: r: x: t:] o.g.j.m.i.MessagingBinders A class jakarta.activation.DataSource for a default provider MessageBodyWriter<jakarta.activation.DataSource> was not found. The provider is not available.
2024-12-18 10:08:31.934 INFO  (coreLoadExecutor-13-thread-1) [c: s: r: x:stocks t:] o.a.s.s.IndexSchema Loaded schema default-config/1.7 with uniqueid field id
2024-12-18 10:08:31.934 INFO  (coreLoadExecutor-13-thread-1) [c: s: r: x:stocks t:] o.a.s.c.CoreContainer Creating SolrCore 'stocks' using configuration from instancedir /Users/mustafa66/Desktop/IR---Project/solr-9.7.0/server/solr/stocks, trusted=true
2024-12-18 10:08:31.958 INFO  (coreLoadExecutor-13-thread-1) [c: s: r: x:stocks t:] o.a.s.c.SolrCore Opening new SolrCore at [/Users/mustafa66/Desktop/IR---Project/solr-9.7.0/server/solr/stocks], dataDir=[/Users/mustafa66/Desktop/IR---Project/solr-9.7.0/server/solr/stocks/data/]
2024-12-18 10:08:31.999 INFO  (main) [c: s: r: x: t:] o.a.s.j.SolrRequestAuthorizer Creating a new SolrRequestAuthorizer
2024-12-18 10:08:32.062 INFO  (main) [c: s: r: x: t:] o.e.j.s.h.ContextHandler Started o.e.j.w.WebAppContext@344561e0{solr-jetty-context.xml,/solr,file:///Users/mustafa66/Desktop/IR---Project/solr-9.7.0/server/solr-webapp/webapp/,AVAILABLE}{/Users/mustafa66/Desktop/IR---Project/solr-9.7.0/server/solr-webapp/webapp}
2024-12-18 10:08:32.066 INFO  (main) [c: s: r: x: t:] o.e.j.s.RequestLogWriter Opened /Users/mustafa66/Desktop/IR---Project/solr-9.7.0/server/logs/2024_12_18.request.log
2024-12-18 10:08:32.068 INFO  (main) [c: s: r: x: t:] o.e.j.s.AbstractConnector Started ServerConnector@6ca0256d{HTTP/1.1, (http/1.1, h2c)}{127.0.0.1:8983}
2024-12-18 10:08:32.068 INFO  (main) [c: s: r: x: t:] o.e.j.s.Server Started Server@2a65bb85{STARTING}[10.0.22,sto=0] @2152ms
2024-12-18 10:08:32.212 INFO  (coreLoadExecutor-13-thread-1) [c: s: r: x:stocks t:] o.a.s.j.SolrRequestAuthorizer Creating a new SolrRequestAuthorizer
2024-12-18 10:08:32.221 INFO  (coreLoadExecutor-13-thread-1) [c: s: r: x:stocks t:] o.a.s.u.UpdateHandler Using UpdateLog implementation: org.apache.solr.update.UpdateLog
2024-12-18 10:08:32.221 INFO  (coreLoadExecutor-13-thread-1) [c: s: r: x:stocks t:] o.a.s.u.UpdateLog Initializing UpdateLog: dataDir= defaultSyncLevel=FLUSH numRecordsToKeep=100 maxNumLogsToKeep=10 numVersionBuckets=65536
2024-12-18 10:08:32.222 INFO  (coreLoadExecutor-13-thread-1) [c: s: r: x:stocks t:] o.a.s.u.CommitTracker Hard AutoCommit: if uncommitted for 15000ms; 
2024-12-18 10:08:32.222 INFO  (coreLoadExecutor-13-thread-1) [c: s: r: x:stocks t:] o.a.s.u.CommitTracker Soft AutoCommit: if uncommitted for 3000ms; 
2024-12-18 10:08:32.302 INFO  (coreLoadExecutor-13-thread-1) [c: s: r: x:stocks t:] o.a.s.r.ManagedResourceStorage File-based storage initialized to use dir: /Users/mustafa66/Desktop/IR---Project/solr-9.7.0/server/solr/stocks/conf
2024-12-18 10:08:32.308 INFO  (coreLoadExecutor-13-thread-1) [c: s: r: x:stocks t:] o.a.s.s.DirectSolrSpellChecker init: {accuracy=0.5, maxQueryFrequency=0.01, name=default, field=_text_, classname=solr.DirectSolrSpellChecker, distanceMeasure=internal, maxEdits=2, minPrefix=1, maxInspections=5, minQueryLength=4}
2024-12-18 10:08:32.311 INFO  (coreLoadExecutor-13-thread-1) [c: s: r: x:stocks t:] o.a.s.h.ReplicationHandler Commits will be reserved for 10000 ms
2024-12-18 10:08:32.311 INFO  (searcherExecutor-15-thread-1-processing-stocks) [c: s: r: x:stocks t:] o.a.s.c.QuerySenderListener QuerySenderListener done.
2024-12-18 10:08:32.311 INFO  (searcherExecutor-15-thread-1-processing-stocks) [c: s: r: x:stocks t:] o.a.s.h.c.SpellCheckComponent Loading spell index for spellchecker: default
2024-12-18 10:08:32.314 INFO  (searcherExecutor-15-thread-1-processing-stocks) [c: s: r: x:stocks t:] o.a.s.c.SolrCore Registered new searcher autowarm time: 0 ms
2024-12-18 10:10:01.773 INFO  (qtp1076071888-38-localhost-1) [c: s: r: x:stocks t:localhost-1] o.a.s.c.S.Request webapp=/solr path=/select params={q=*:*&start=0&sort=name_str+asc&rows=20&wt=json} hits=1392 status=0 QTime=38
2024-12-18 10:10:16.082 INFO  (qtp1076071888-33-localhost-2) [c: s: r: x:stocks t:localhost-2] o.a.s.c.S.Request webapp=/solr path=/select params={q=name_str:Ferrari*&start=0&sort=name_str+asc&rows=20&wt=json} hits=1 status=0 QTime=90
2024-12-18 10:10:16.114 INFO  (qtp1076071888-34-localhost-3) [c: s: r: x:stocks t:localhost-3] o.a.s.c.S.Request webapp=/solr path=/select params={q=last:[376.38+TO+460.02000000000004]&start=0&rows=5&wt=json} hits=3 status=0 QTime=20
2024-12-18 10:10:16.780 INFO  (qtp1076071888-31-localhost-4) [c: s: r: x:stocks t:localhost-4] o.a.s.c.S.Request webapp=/solr path=/select params={q=name_str:Ferrar*&start=0&sort=name_str+asc&rows=20&wt=json} hits=1 status=0 QTime=2
2024-12-18 10:10:16.790 INFO  (qtp1076071888-32-localhost-5) [c: s: r: x:stocks t:localhost-5] o.a.s.c.S.Request webapp=/solr path=/select params={q=last:[376.38+TO+460.02000000000004]&start=0&rows=5&wt=json} hits=3 status=0 QTime=0
2024-12-18 10:10:17.236 INFO  (qtp1076071888-36-localhost-6) [c: s: r: x:stocks t:localhost-6] o.a.s.c.S.Request webapp=/solr path=/select params={q=name_str:Ferra*&start=0&sort=name_str+asc&rows=20&wt=json} hits=1 status=0 QTime=1
2024-12-18 10:10:17.241 INFO  (qtp1076071888-39-localhost-7) [c: s: r: x:stocks t:localhost-7] o.a.s.c.S.Request webapp=/solr path=/select params={q=last:[376.38+TO+460.02000000000004]&start=0&rows=5&wt=json} hits=3 status=0 QTime=0
2024-12-18 10:10:18.193 INFO  (qtp1076071888-37-localhost-8) [c: s: r: x:stocks t:localhost-8] o.a.s.c.S.Request webapp=/solr path=/select params={q=name_str:Ferr*&start=0&sort=name_str+asc&rows=20&wt=json} hits=2 status=0 QTime=2
2024-12-18 10:10:20.191 INFO  (qtp1076071888-34-localhost-9) [c: s: r: x:stocks t:localhost-9] o.a.s.c.S.Request webapp=/solr path=/select params={q=*:*&start=0&sort=name_str+asc&rows=20&wt=json} hits=1392 status=0 QTime=0
2024-12-18 10:12:06.634 INFO  (qtp1076071888-36-localhost-10) [c: s: r: x:stocks t:localhost-10] o.a.s.c.S.Request webapp=/solr path=/select params={q=*:*&start=0&sort=name_str+asc&rows=20&wt=json} hits=1392 status=0 QTime=6
2024-12-18 10:12:08.236 INFO  (qtp1076071888-39-localhost-11) [c: s: r: x:stocks t:localhost-11] o.a.s.c.S.Request webapp=/solr path=/select params={q=name_str:W**&start=0&sort=name_str+asc&rows=20&wt=json} hits=32 status=0 QTime=26
2024-12-18 10:12:11.295 INFO  (qtp1076071888-33-localhost-12) [c: s: r: x:stocks t:localhost-12] o.a.s.c.S.Request webapp=/solr path=/select params={q=name_str:M**&start=0&sort=name_str+asc&rows=20&wt=json} hits=83 status=0 QTime=4
2024-12-18 10:12:12.101 INFO  (qtp1076071888-34-localhost-13) [c: s: r: x:stocks t:localhost-13] o.a.s.c.S.Request webapp=/solr path=/select params={q=name_str:K**&start=0&sort=name_str+asc&rows=20&wt=json} hits=24 status=0 QTime=3
2024-12-18 10:12:13.114 INFO  (qtp1076071888-36-localhost-14) [c: s: r: x:stocks t:localhost-14] o.a.s.c.S.Request webapp=/solr path=/select params={q=name_str:I**&start=0&sort=name_str+asc&rows=20&wt=json} hits=64 status=0 QTime=5
2024-12-18 10:12:14.477 INFO  (qtp1076071888-39-localhost-15) [c: s: r: x:stocks t:localhost-15] o.a.s.c.S.Request webapp=/solr path=/select params={q=name_str:G**&start=0&sort=name_str+asc&rows=20&wt=json} hits=72 status=0 QTime=3
2024-12-18 10:12:15.278 INFO  (qtp1076071888-33-localhost-16) [c: s: r: x:stocks t:localhost-16] o.a.s.c.S.Request webapp=/solr path=/select params={q=name_str:F**&start=0&sort=name_str+asc&rows=20&wt=json} hits=62 status=0 QTime=3
2024-12-18 10:12:17.327 INFO  (qtp1076071888-34-localhost-17) [c: s: r: x:stocks t:localhost-17] o.a.s.c.S.Request webapp=/solr path=/select params={q=name_str:C**&start=0&sort=name_str+asc&rows=20&wt=json} hits=101 status=0 QTime=2
2024-12-18 10:12:19.555 INFO  (qtp1076071888-36-localhost-18) [c: s: r: x:stocks t:localhost-18] o.a.s.c.S.Request webapp=/solr path=/select params={q=name_str:C**&start=20&sort=name_str+asc&rows=20&wt=json} hits=101 status=0 QTime=13
2024-12-18 10:12:19.764 INFO  (qtp1076071888-39-localhost-19) [c: s: r: x:stocks t:localhost-19] o.a.s.c.S.Request webapp=/solr path=/select params={q=name_str:C**&start=40&sort=name_str+asc&rows=20&wt=json} hits=101 status=0 QTime=1
2024-12-18 10:12:19.987 INFO  (qtp1076071888-33-localhost-20) [c: s: r: x:stocks t:localhost-20] o.a.s.c.S.Request webapp=/solr path=/select params={q=name_str:C**&start=60&sort=name_str+asc&rows=20&wt=json} hits=101 status=0 QTime=28
2024-12-18 10:12:20.177 INFO  (qtp1076071888-34-localhost-21) [c: s: r: x:stocks t:localhost-21] o.a.s.c.S.Request webapp=/solr path=/select params={q=name_str:C**&start=80&sort=name_str+asc&rows=20&wt=json} hits=101 status=0 QTime=3
2024-12-18 10:12:20.614 INFO  (qtp1076071888-36-localhost-22) [c: s: r: x:stocks t:localhost-22] o.a.s.c.S.Request webapp=/solr path=/select params={q=name_str:C**&start=100&sort=name_str+asc&rows=20&wt=json} hits=101 status=0 QTime=2
2024-12-18 10:12:20.626 INFO  (qtp1076071888-39-localhost-23) [c: s: r: x:stocks t:localhost-23] o.a.s.c.S.Request webapp=/solr path=/select params={q=volume:[27292320.0+TO+33357280.000000004]&start=0&rows=5&wt=json} hits=1 status=0 QTime=1
2024-12-18 10:12:22.445 INFO  (qtp1076071888-33-localhost-24) [c: s: r: x:stocks t:localhost-24] o.a.s.c.S.Request webapp=/solr path=/select params={q=*:*&start=0&sort=name_str+asc&rows=20&wt=json} hits=1392 status=0 QTime=0
2024-12-18 10:15:07.055 INFO  (qtp1076071888-31-localhost-25) [c: s: r: x:stocks t:localhost-25] o.a.s.c.S.Request webapp=/solr path=/select params={q=name_str:Ad*&start=0&sort=name_str+asc&rows=20&wt=json} hits=16 status=0 QTime=8
2024-12-18 10:15:37.793 INFO  (qtp1076071888-36-localhost-26) [c: s: r: x:stocks t:localhost-26] o.a.s.c.S.Request webapp=/solr path=/select params={q=*:*&start=0&sort=name_str+asc&rows=20&wt=json} hits=1392 status=0 QTime=7
2024-12-18 10:16:07.999 INFO  (qtp1076071888-39-localhost-27) [c: s: r: x:stocks t:localhost-27] o.a.s.c.S.Request webapp=/solr path=/select params={q=name_str:Adidas*&start=0&sort=name_str+asc&rows=20&wt=json} hits=1 status=0 QTime=6
2024-12-18 10:16:08.015 INFO  (qtp1076071888-33-localhost-28) [c: s: r: x:stocks t:localhost-28] o.a.s.c.S.Request webapp=/solr path=/select params={q=last:[193.23+TO+236.17000000000002]&start=0&rows=5&wt=json} hits=7 status=0 QTime=2
2024-12-18 10:16:20.125 INFO  (qtp1076071888-40-localhost-29) [c: s: r: x:stocks t:localhost-29] o.a.s.c.S.Request webapp=/solr path=/select params={q=*:*&start=0&sort=name_str+asc&rows=20&wt=json} hits=1392 status=0 QTime=3
2024-12-18 10:25:06.567 INFO  (qtp1076071888-33-localhost-31) [c: s: r: x:stocks t:localhost-31] o.a.s.c.S.Request webapp=/solr path=/select params={q=*:*&start=0&sort=name_str+asc&rows=20&wt=json} hits=1392 status=0 QTime=3
2024-12-18 10:31:38.533 INFO  (qtp1076071888-40-localhost-32) [c: s: r: x:stocks t:localhost-32] o.a.s.c.S.Request webapp=/solr path=/select params={q=name_str:Adidas*&start=0&sort=name_str+asc&rows=20&wt=json} hits=1 status=0 QTime=3
2024-12-18 10:31:38.543 INFO  (qtp1076071888-38-localhost-33) [c: s: r: x:stocks t:localhost-33] o.a.s.c.S.Request webapp=/solr path=/select params={q=last:[193.23+TO+236.17000000000002]&start=0&rows=5&wt=json} hits=7 status=0 QTime=0
2024-12-18 10:31:42.069 INFO  (qtp1076071888-36-localhost-34) [c: s: r: x:stocks t:localhost-34] o.a.s.c.S.Request webapp=/solr path=/select params={q=last:[1.0+TO+1.9999989999999999]&start=0&sort=name_str+asc&rows=20&wt=json} hits=25 status=0 QTime=4
2024-12-18 10:31:44.984 INFO  (qtp1076071888-37-localhost-35) [c: s: r: x:stocks t:localhost-35] o.a.s.c.S.Request webapp=/solr path=/select params={q=last:[10.0+TO+10.999999]&start=0&sort=name_str+asc&rows=20&wt=json} hits=5 status=0 QTime=2
2024-12-18 10:31:46.762 INFO  (qtp1076071888-39-localhost-36) [c: s: r: x:stocks t:localhost-36] o.a.s.c.S.Request webapp=/solr path=/select params={q=last:[17.0+TO+17.999999]&start=0&sort=name_str+asc&rows=20&wt=json} hits=5 status=0 QTime=2
2024-12-18 10:31:49.397 INFO  (qtp1076071888-33-localhost-37) [c: s: r: x:stocks t:localhost-37] o.a.s.c.S.Request webapp=/solr path=/select params={q=*:*&start=0&sort=name_str+asc&rows=20&wt=json} hits=1392 status=0 QTime=0
2024-12-18 10:31:54.967 INFO  (qtp1076071888-36-localhost-38) [c: s: r: x:stocks t:localhost-38] o.a.s.c.S.Request webapp=/solr path=/select params={q=name_str:D**&start=0&sort=name_str+asc&rows=20&wt=json} hits=53 status=0 QTime=4
2024-12-18 10:31:56.475 INFO  (qtp1076071888-37-localhost-39) [c: s: r: x:stocks t:localhost-39] o.a.s.c.S.Request webapp=/solr path=/select params={q=name_str:O**&start=0&sort=name_str+asc&rows=20&wt=json} hits=41 status=0 QTime=3
2024-12-18 10:31:58.131 INFO  (qtp1076071888-39-localhost-40) [c: s: r: x:stocks t:localhost-40] o.a.s.c.S.Request webapp=/solr path=/select params={q=name_str:J**&start=0&sort=name_str+asc&rows=20&wt=json} hits=9 status=0 QTime=3
2024-12-18 10:32:01.310 INFO  (qtp1076071888-33-localhost-41) [c: s: r: x:stocks t:localhost-41] o.a.s.c.S.Request webapp=/solr path=/select params={q=name_str:Adidas*&start=0&sort=name_str+asc&rows=20&wt=json} hits=1 status=0 QTime=2
2024-12-18 10:32:01.329 INFO  (qtp1076071888-36-localhost-42) [c: s: r: x:stocks t:localhost-42] o.a.s.c.S.Request webapp=/solr path=/select params={q=last:[193.23+TO+236.17000000000002]&start=0&rows=5&wt=json} hits=7 status=0 QTime=0
2024-12-18 10:32:04.007 INFO  (qtp1076071888-37-localhost-43) [c: s: r: x:stocks t:localhost-43] o.a.s.c.S.Request webapp=/solr path=/select params={q=name_str:YAdidas*&start=0&sort=name_str+asc&rows=20&wt=json} hits=0 status=0 QTime=1
2024-12-18 10:32:06.314 INFO  (qtp1076071888-39-localhost-44) [c: s: r: x:stocks t:localhost-44] o.a.s.c.S.Request webapp=/solr path=/select params={q=name_str:KAdidas*&start=0&sort=name_str+asc&rows=20&wt=json} hits=0 status=0 QTime=3
2024-12-18 10:32:07.531 INFO  (qtp1076071888-33-localhost-45) [c: s: r: x:stocks t:localhost-45] o.a.s.c.S.Request webapp=/solr path=/select params={q=*:*&start=0&sort=name_str+asc&rows=20&wt=json} hits=1392 status=0 QTime=1
2024-12-18 10:32:16.065 INFO  (qtp1076071888-36-localhost-46) [c: s: r: x:stocks t:localhost-46] o.a.s.c.S.Request webapp=/solr path=/select params={q=*:*&start=20&sort=name_str+asc&rows=20&wt=json} hits=1392 status=0 QTime=2
2024-12-18 10:32:16.256 INFO  (qtp1076071888-37-localhost-47) [c: s: r: x:stocks t:localhost-47] o.a.s.c.S.Request webapp=/solr path=/select params={q=*:*&start=40&sort=name_str+asc&rows=20&wt=json} hits=1392 status=0 QTime=1
2024-12-18 10:32:23.664 INFO  (qtp1076071888-39-localhost-48) [c: s: r: x:stocks t:localhost-48] o.a.s.c.S.Request webapp=/solr path=/select params={q=name_str:Ferrari*&start=0&sort=name_str+asc&rows=20&wt=json} hits=1 status=0 QTime=1
2024-12-18 10:32:23.681 INFO  (qtp1076071888-33-localhost-49) [c: s: r: x:stocks t:localhost-49] o.a.s.c.S.Request webapp=/solr path=/select params={q=last:[376.38+TO+460.02000000000004]&start=0&rows=5&wt=json} hits=3 status=0 QTime=0
2024-12-18 10:32:45.193 INFO  (qtp1076071888-36-localhost-50) [c: s: r: x:stocks t:localhost-50] o.a.s.c.S.Request webapp=/solr path=/select params={q=name_str:LFerrari*&start=0&sort=name_str+asc&rows=20&wt=json} hits=0 status=0 QTime=7
2024-12-18 10:32:46.999 INFO  (qtp1076071888-37-localhost-51) [c: s: r: x:stocks t:localhost-51] o.a.s.c.S.Request webapp=/solr path=/select params={q=name_str:KFerrari*&start=0&sort=name_str+asc&rows=20&wt=json} hits=0 status=0 QTime=3
2024-12-18 10:32:47.517 INFO  (qtp1076071888-39-localhost-52) [c: s: r: x:stocks t:localhost-52] o.a.s.c.S.Request webapp=/solr path=/select params={q=name_str:GFerrari*&start=0&sort=name_str+asc&rows=20&wt=json} hits=0 status=0 QTime=2
2024-12-18 10:32:47.964 INFO  (qtp1076071888-33-localhost-53) [c: s: r: x:stocks t:localhost-53] o.a.s.c.S.Request webapp=/solr path=/select params={q=name_str:EFerrari*&start=0&sort=name_str+asc&rows=20&wt=json} hits=0 status=0 QTime=2
2024-12-18 10:32:52.865 INFO  (qtp1076071888-36-localhost-54) [c: s: r: x:stocks t:localhost-54] o.a.s.c.S.Request webapp=/solr path=/select params={q=last:[1.0+TO+1.9999989999999999]&start=0&sort=name_str+asc&rows=20&wt=json} hits=25 status=0 QTime=0
2024-12-18 10:32:55.498 INFO  (qtp1076071888-37-localhost-55) [c: s: r: x:stocks t:localhost-55] o.a.s.c.S.Request webapp=/solr path=/select params={q=last:[1.0+TO+1.9999989999999999]&start=0&sort=name_str+asc&rows=20&wt=json} hits=25 status=0 QTime=1
2024-12-18 10:32:56.273 INFO  (qtp1076071888-38-localhost-56) [c: s: r: x:stocks t:localhost-56] o.a.s.c.S.Request webapp=/solr path=/select params={q=last:[1.0+TO+1.9999989999999999]&start=0&sort=name_str+asc&rows=20&wt=json} hits=25 status=0 QTime=0
2024-12-18 10:32:57.060 INFO  (qtp1076071888-33-localhost-57) [c: s: r: x:stocks t:localhost-57] o.a.s.c.S.Request webapp=/solr path=/select params={q=*:*&start=0&sort=name_str+asc&rows=20&wt=json} hits=1392 status=0 QTime=0
2024-12-18 10:35:45.069 INFO  (qtp1076071888-34-localhost-58) [c: s: r: x:stocks t:localhost-58] o.a.s.c.S.Request webapp=/solr path=/select params={q=name_str:M**&start=0&sort=name_str+asc&rows=20&wt=json} hits=83 status=0 QTime=8
2024-12-18 10:35:47.115 INFO  (qtp1076071888-37-localhost-59) [c: s: r: x:stocks t:localhost-59] o.a.s.c.S.Request webapp=/solr path=/select params={q=*:*&start=0&sort=name_str+asc&rows=20&wt=json} hits=1392 status=0 QTime=1
2024-12-18 10:50:53.858 INFO  (qtp1076071888-32-localhost-60) [c: s: r: x:stocks t:localhost-60] o.a.s.c.S.Request webapp=/solr path=/select params={q=*:*&start=0&sort=name_str+asc&rows=20&wt=json} hits=1392 status=0 QTime=2
2024-12-18 10:55:28.106 INFO  (qtp1076071888-39-localhost-61) [c: s: r: x:stocks t:localhost-61] o.a.s.c.S.Request webapp=/solr path=/select params={q=*:*&start=0&sort=name_str+asc&rows=20&wt=json} hits=1392 status=0 QTime=6
2024-12-18 10:55:35.274 INFO  (qtp1076071888-36-localhost-62) [c: s: r: x:stocks t:localhost-62] o.a.s.c.S.Request webapp=/solr path=/select params={q=name_str:Adidas*&start=0&sort=name_str+asc&rows=20&wt=json} hits=1 status=0 QTime=2
2024-12-18 10:55:35.293 INFO  (qtp1076071888-37-localhost-63) [c: s: r: x:stocks t:localhost-63] o.a.s.c.S.Request webapp=/solr path=/select params={q=last:[193.23+TO+236.17000000000002]&start=0&rows=5&wt=json} hits=7 status=0 QTime=1
2024-12-18 10:55:45.609 INFO  (qtp1076071888-40-localhost-64) [c: s: r: x:stocks t:localhost-64] o.a.s.c.S.Request webapp=/solr path=/select params={q=last:[5.0+TO+5.999999]&start=0&sort=name_str+asc&rows=20&wt=json} hits=16 status=0 QTime=4
2024-12-18 10:55:54.667 INFO  (qtp1076071888-32-localhost-65) [c: s: r: x:stocks t:localhost-65] o.a.s.c.S.Request webapp=/solr path=/select params={q=*:*&start=0&sort=name_str+asc&rows=20&wt=json} hits=1392 status=0 QTime=0
2024-12-18 10:55:56.390 INFO  (qtp1076071888-36-localhost-66) [c: s: r: x:stocks t:localhost-66] o.a.s.c.S.Request webapp=/solr path=/select params={q=name_str:C**&start=0&sort=name_str+asc&rows=20&wt=json} hits=101 status=0 QTime=2
2024-12-18 10:55:57.206 INFO  (qtp1076071888-37-localhost-67) [c: s: r: x:stocks t:localhost-67] o.a.s.c.S.Request webapp=/solr path=/select params={q=name_str:F**&start=0&sort=name_str+asc&rows=20&wt=json} hits=62 status=0 QTime=2
2024-12-18 10:55:58.306 INFO  (qtp1076071888-40-localhost-68) [c: s: r: x:stocks t:localhost-68] o.a.s.c.S.Request webapp=/solr path=/select params={q=name_str:M**&start=0&sort=name_str+asc&rows=20&wt=json} hits=83 status=0 QTime=3
2024-12-18 10:55:59.691 INFO  (qtp1076071888-32-localhost-69) [c: s: r: x:stocks t:localhost-69] o.a.s.c.S.Request webapp=/solr path=/select params={q=name_str:***&start=0&sort=name_str+asc&rows=20&wt=json} hits=1392 status=0 QTime=6
2024-12-18 10:56:00.746 INFO  (qtp1076071888-36-localhost-70) [c: s: r: x:stocks t:localhost-70] o.a.s.c.S.Request webapp=/solr path=/select params={q=*:*&start=0&sort=name_str+asc&rows=20&wt=json} hits=1392 status=0 QTime=0
2024-12-18 10:56:05.709 INFO  (qtp1076071888-37-localhost-71) [c: s: r: x:stocks t:localhost-71] o.a.s.c.S.Request webapp=/solr path=/select params={q=name_str:Ferrari*&start=0&sort=name_str+asc&rows=20&wt=json} hits=1 status=0 QTime=0
2024-12-18 10:56:05.718 INFO  (qtp1076071888-40-localhost-72) [c: s: r: x:stocks t:localhost-72] o.a.s.c.S.Request webapp=/solr path=/select params={q=last:[376.38+TO+460.02000000000004]&start=0&rows=5&wt=json} hits=3 status=0 QTime=0
2024-12-18 10:56:16.489 INFO  (qtp1076071888-32-localhost-73) [c: s: r: x:stocks t:localhost-73] o.a.s.c.S.Request webapp=/solr path=/select params={q=*:*&start=0&sort=name_str+asc&rows=20&wt=json} hits=1392 status=0 QTime=1
2024-12-18 10:56:37.600 INFO  (qtp1076071888-36-localhost-74) [c: s: r: x:stocks t:localhost-74] o.a.s.c.S.Request webapp=/solr path=/select params={q=name_str:Ferrari*&start=0&sort=name_str+asc&rows=20&wt=json} hits=1 status=0 QTime=2
2024-12-18 10:56:37.617 INFO  (qtp1076071888-37-localhost-75) [c: s: r: x:stocks t:localhost-75] o.a.s.c.S.Request webapp=/solr path=/select params={q=last:[376.38+TO+460.02000000000004]&start=0&rows=5&wt=json} hits=3 status=0 QTime=0
2024-12-18 10:56:49.241 INFO  (qtp1076071888-40-localhost-76) [c: s: r: x:stocks t:localhost-76] o.a.s.c.S.Request webapp=/solr path=/select params={q=*:*&start=0&sort=name_str+asc&rows=20&wt=json} hits=1392 status=0 QTime=1
2024-12-18 10:57:53.914 INFO  (qtp1076071888-32-localhost-77) [c: s: r: x:stocks t:localhost-77] o.a.s.c.S.Request webapp=/solr path=/select params={q=*:*&start=0&sort=name_str+asc&rows=20&wt=json} hits=1392 status=0 QTime=3
